#
# There is insufficient memory for the Java Runtime Environment to continue.
# Native memory allocation (malloc) failed to allocate 42729472 bytes for committing reserved memory.
# Possible reasons:
#   The system is out of physical RAM or swap space
#   In 32 bit mode, the process size limit was hit
# Possible solutions:
#   Reduce memory load on the system
#   Increase physical memory or swap space
#   Check if swap backing store is full
#   Use 64 bit Java on a 64 bit OS
#   Decrease Java heap size (-Xmx/-Xms)
#   Decrease number of Java threads
#   Decrease Java thread stack sizes (-Xss)
#   Set larger code cache with -XX:ReservedCodeCacheSize=
# This output file may be truncated or incomplete.
#
#  Out of Memory Error (os_linux.cpp:2726), pid=5352, tid=3062393664
#
# JRE version:  (7.0_51-b13) (build )
# Java VM: Java HotSpot(TM) Server VM (24.51-b03 mixed mode linux-x86 )
# Failed to write core dump. Core dumps have been disabled. To enable core dumping, try "ulimit -c unlimited" before starting Java again
#

---------------  T H R E A D  ---------------

Current thread (0xb6707400):  JavaThread "Unknown thread" [_thread_in_vm, id=5358, stack(0xb6836000,0xb6887000)]

Stack: [0xb6836000,0xb6887000],  sp=0xb6885b00,  free space=318k
Native frames: (J=compiled Java code, j=interpreted, Vv=VM code, C=native code)
V  [libjvm.so+0x7dcac6]  VMError::report_and_die()+0x1a6
V  [libjvm.so+0x33a5b2]  report_vm_out_of_memory(char const*, int, unsigned int, char const*)+0x72
V  [libjvm.so+0x67be21]  os::Linux::commit_memory_impl(char*, unsigned int, bool)+0xe1
V  [libjvm.so+0x67c277]  os::Linux::commit_memory_impl(char*, unsigned int, unsigned int, bool)+0x47
V  [libjvm.so+0x67c45d]  os::pd_commit_memory(char*, unsigned int, unsigned int, bool)+0x1d
V  [libjvm.so+0x675e8c]  os::commit_memory(char*, unsigned int, unsigned int, bool)+0x2c
V  [libjvm.so+0x6df398]  PSVirtualSpace::expand_by(unsigned int)+0x48
V  [libjvm.so+0x6d13ed]  PSOldGen::initialize(ReservedSpace, unsigned int, char const*, int)+0x7d
V  [libjvm.so+0x186856]  AdjoiningGenerations::AdjoiningGenerations(ReservedSpace, unsigned int, unsigned int, unsigned int, unsigned int, unsigned int, unsigned int, unsigned int)+0x2a6
V  [libjvm.so+0x69b1a1]  ParallelScavengeHeap::initialize()+0x401
V  [libjvm.so+0x7b0b04]  Universe::initialize_heap()+0xa4
V  [libjvm.so+0x7b2135]  universe_init()+0x55
V  [libjvm.so+0x449f65]  init_globals()+0x55
V  [libjvm.so+0x79aea0]  Threads::create_vm(JavaVMInitArgs*, bool*)+0x200
V  [libjvm.so+0x4bc12c]  JNI_CreateJavaVM+0x5c
C  [libjli.so+0x2668]  JavaMain+0x98
C  [libpthread.so.0+0x6d4c]  start_thread+0xcc


---------------  P R O C E S S  ---------------

Java Threads: ( => current thread )

Other Threads:

=>0xb6707400 (exited) JavaThread "Unknown thread" [_thread_in_vm, id=5358, stack(0xb6836000,0xb6887000)]

VM state:not at safepoint (not fully initialized)

VM Mutex/Monitor currently owned by a thread: None

GC Heap History (0 events):
No events

Deoptimization events (0 events):
No events

Internal exceptions (0 events):
No events

Events (0 events):
No events


Dynamic libraries:
08048000-08049000 r-xp 00000000 08:06 2268623    /usr/lib/jvm/java-7-oracle/bin/java
08049000-0804a000 rw-p 00000000 08:06 2268623    /usr/lib/jvm/java-7-oracle/bin/java
09092000-090b3000 rw-p 00000000 00:00 0          [heap]
721b6000-7231c000 rw-p 00000000 00:00 0 
7231c000-72327000 rw-p 00000000 00:00 0 
72327000-723bf000 rw-p 00000000 00:00 0 
723bf000-723c0000 rw-p 00000000 00:00 0 
723c0000-763c0000 rw-p 00000000 00:00 0 
78a67000-78c80000 rw-p 00000000 00:00 0 
78c80000-9efc0000 rw-p 00000000 00:00 0 
9efc0000-a0440000 rw-p 00000000 00:00 0 
a0440000-b35c0000 rw-p 00000000 00:00 0 
b35e0000-b35e9000 rw-p 00000000 00:00 0 
b35e9000-b36a0000 rw-p 00000000 00:00 0 
b36a0000-b38e0000 rwxp 00000000 00:00 0 
b38e0000-b66a0000 rw-p 00000000 00:00 0 
b66a0000-b66b7000 r-xp 00000000 08:06 2371776    /usr/lib/jvm/java-7-oracle/jre/lib/i386/libzip.so
b66b7000-b66b8000 rw-p 00017000 08:06 2371776    /usr/lib/jvm/java-7-oracle/jre/lib/i386/libzip.so
b66b8000-b66c3000 r-xp 00000000 08:06 2622491    /lib/i386-linux-gnu/libnss_files-2.15.so
b66c3000-b66c4000 r--p 0000a000 08:06 2622491    /lib/i386-linux-gnu/libnss_files-2.15.so
b66c4000-b66c5000 rw-p 0000b000 08:06 2622491    /lib/i386-linux-gnu/libnss_files-2.15.so
b66c5000-b66cf000 r-xp 00000000 08:06 2622495    /lib/i386-linux-gnu/libnss_nis-2.15.so
b66cf000-b66d0000 r--p 00009000 08:06 2622495    /lib/i386-linux-gnu/libnss_nis-2.15.so
b66d0000-b66d1000 rw-p 0000a000 08:06 2622495    /lib/i386-linux-gnu/libnss_nis-2.15.so
b66d1000-b66e7000 r-xp 00000000 08:06 2622485    /lib/i386-linux-gnu/libnsl-2.15.so
b66e7000-b66e8000 r--p 00015000 08:06 2622485    /lib/i386-linux-gnu/libnsl-2.15.so
b66e8000-b66e9000 rw-p 00016000 08:06 2622485    /lib/i386-linux-gnu/libnsl-2.15.so
b66e9000-b66eb000 rw-p 00000000 00:00 0 
b66f8000-b6700000 rw-s 00000000 08:06 3156692    /tmp/hsperfdata_trongkhanh/5352
b6700000-b6721000 rw-p 00000000 00:00 0 
b6721000-b6800000 ---p 00000000 00:00 0 
b6800000-b6807000 r-xp 00000000 08:06 2622487    /lib/i386-linux-gnu/libnss_compat-2.15.so
b6807000-b6808000 r--p 00006000 08:06 2622487    /lib/i386-linux-gnu/libnss_compat-2.15.so
b6808000-b6809000 rw-p 00007000 08:06 2622487    /lib/i386-linux-gnu/libnss_compat-2.15.so
b6809000-b682c000 r-xp 00000000 08:06 2371808    /usr/lib/jvm/java-7-oracle/jre/lib/i386/libjava.so
b682c000-b682d000 rw-p 00022000 08:06 2371808    /usr/lib/jvm/java-7-oracle/jre/lib/i386/libjava.so
b682d000-b6834000 r-xp 00000000 08:06 2622526    /lib/i386-linux-gnu/librt-2.15.so
b6834000-b6835000 r--p 00006000 08:06 2622526    /lib/i386-linux-gnu/librt-2.15.so
b6835000-b6836000 rw-p 00007000 08:06 2622526    /lib/i386-linux-gnu/librt-2.15.so
b6836000-b6839000 ---p 00000000 00:00 0 
b6839000-b6887000 rw-p 00000000 00:00 0          [stack:5358]
b6887000-b68b1000 r-xp 00000000 08:06 2622472    /lib/i386-linux-gnu/libm-2.15.so
b68b1000-b68b2000 r--p 00029000 08:06 2622472    /lib/i386-linux-gnu/libm-2.15.so
b68b2000-b68b3000 rw-p 0002a000 08:06 2622472    /lib/i386-linux-gnu/libm-2.15.so
b68b3000-b712a000 r-xp 00000000 08:06 2371814    /usr/lib/jvm/java-7-oracle/jre/lib/i386/server/libjvm.so
b712a000-b718e000 rw-p 00877000 08:06 2371814    /usr/lib/jvm/java-7-oracle/jre/lib/i386/server/libjvm.so
b718e000-b75b2000 rw-p 00000000 00:00 0 
b75b2000-b7756000 r-xp 00000000 08:06 2622440    /lib/i386-linux-gnu/libc-2.15.so
b7756000-b7758000 r--p 001a4000 08:06 2622440    /lib/i386-linux-gnu/libc-2.15.so
b7758000-b7759000 rw-p 001a6000 08:06 2622440    /lib/i386-linux-gnu/libc-2.15.so
b7759000-b775c000 rw-p 00000000 00:00 0 
b775c000-b775f000 r-xp 00000000 08:06 2622453    /lib/i386-linux-gnu/libdl-2.15.so
b775f000-b7760000 r--p 00002000 08:06 2622453    /lib/i386-linux-gnu/libdl-2.15.so
b7760000-b7761000 rw-p 00003000 08:06 2622453    /lib/i386-linux-gnu/libdl-2.15.so
b7761000-b7774000 r-xp 00000000 08:06 2268524    /usr/lib/jvm/java-7-oracle/lib/i386/jli/libjli.so
b7774000-b7775000 rw-p 00012000 08:06 2268524    /usr/lib/jvm/java-7-oracle/lib/i386/jli/libjli.so
b7775000-b7776000 rw-p 00000000 00:00 0 
b7776000-b778d000 r-xp 00000000 08:06 2622520    /lib/i386-linux-gnu/libpthread-2.15.so
b778d000-b778e000 r--p 00016000 08:06 2622520    /lib/i386-linux-gnu/libpthread-2.15.so
b778e000-b778f000 rw-p 00017000 08:06 2622520    /lib/i386-linux-gnu/libpthread-2.15.so
b778f000-b7791000 rw-p 00000000 00:00 0 
b7795000-b7799000 rw-p 00000000 00:00 0 
b7799000-b779a000 r--p 00000000 00:00 0 
b779a000-b77a5000 r-xp 00000000 08:06 2371784    /usr/lib/jvm/java-7-oracle/jre/lib/i386/libverify.so
b77a5000-b77a6000 rw-p 0000b000 08:06 2371784    /usr/lib/jvm/java-7-oracle/jre/lib/i386/libverify.so
b77a6000-b77a8000 rw-p 00000000 00:00 0 
b77a8000-b77a9000 r-xp 00000000 00:00 0          [vdso]
b77a9000-b77c9000 r-xp 00000000 08:06 2622420    /lib/i386-linux-gnu/ld-2.15.so
b77c9000-b77ca000 r--p 0001f000 08:06 2622420    /lib/i386-linux-gnu/ld-2.15.so
b77ca000-b77cb000 rw-p 00020000 08:06 2622420    /lib/i386-linux-gnu/ld-2.15.so
bfa3a000-bfa5b000 rw-p 00000000 00:00 0          [stack]

VM Arguments:
jvm_args: -Dfile.encoding=UTF-8 
java_command: Main
Launcher Type: SUN_STANDARD

Environment Variables:
PATH=/usr/lib/lightdm/lightdm:/usr/local/sbin:/usr/local/bin:/usr/sbin:/usr/bin:/sbin:/bin:/usr/games
LD_LIBRARY_PATH=/usr/lib/jvm/java-7-oracle/jre/lib/i386/server:/usr/lib/jvm/java-7-oracle/jre/lib/i386:/usr/lib/jvm/java-7-oracle/jre/../lib/i386:/usr/lib/jvm/java-7-oracle/jre/lib/i386/client:/usr/lib/jvm/java-7-oracle/jre/lib/i386:
SHELL=/bin/bash
DISPLAY=:0.0

Signal Handlers:
SIGSEGV: [libjvm.so+0x7dd5e0], sa_mask[0]=0x7ffbfeff, sa_flags=0x10000004
SIGBUS: [libjvm.so+0x7dd5e0], sa_mask[0]=0x7ffbfeff, sa_flags=0x10000004
SIGFPE: [libjvm.so+0x678d60], sa_mask[0]=0x7ffbfeff, sa_flags=0x10000004
SIGPIPE: [libjvm.so+0x678d60], sa_mask[0]=0x7ffbfeff, sa_flags=0x10000004
SIGXFSZ: [libjvm.so+0x678d60], sa_mask[0]=0x7ffbfeff, sa_flags=0x10000004
SIGILL: [libjvm.so+0x678d60], sa_mask[0]=0x7ffbfeff, sa_flags=0x10000004
SIGUSR1: SIG_DFL, sa_mask[0]=0x00000000, sa_flags=0x00000000
SIGUSR2: [libjvm.so+0x67a250], sa_mask[0]=0x00000004, sa_flags=0x10000004
SIGHUP: SIG_DFL, sa_mask[0]=0x00000000, sa_flags=0x00000000
SIGINT: SIG_DFL, sa_mask[0]=0x00000000, sa_flags=0x00000000
SIGTERM: SIG_DFL, sa_mask[0]=0x00000000, sa_flags=0x00000000
SIGQUIT: SIG_DFL, sa_mask[0]=0x00000000, sa_flags=0x00000000


---------------  S Y S T E M  ---------------

OS:wheezy/sid

uname:Linux 3.11.0-15-generic #25~precise1-Ubuntu SMP Thu Jan 30 17:42:40 UTC 2014 i686
libc:glibc 2.15 NPTL 2.15 
rlimit: STACK 8192k, CORE 0k, NPROC 31102, NOFILE 4096, AS infinity
load average:2.02 1.36 1.11

/proc/meminfo:
MemTotal:        3998704 kB
MemFree:          244836 kB
Buffers:            1208 kB
Cached:           910420 kB
SwapCached:            0 kB
Active:          2742572 kB
Inactive:         900088 kB
Active(anon):    2733384 kB
Inactive(anon):   881696 kB
Active(file):       9188 kB
Inactive(file):    18392 kB
Unevictable:           0 kB
Mlocked:               0 kB
HighTotal:       3146652 kB
HighFree:          69840 kB
LowTotal:         852052 kB
LowFree:          174996 kB
SwapTotal:             0 kB
SwapFree:              0 kB
Dirty:               608 kB
Writeback:             0 kB
AnonPages:       2731276 kB
Mapped:           681116 kB
Shmem:            883732 kB
Slab:              44312 kB
SReclaimable:      18220 kB
SUnreclaim:        26092 kB
KernelStack:       13048 kB
PageTables:        19936 kB
NFS_Unstable:          0 kB
Bounce:              140 kB
WritebackTmp:          0 kB
CommitLimit:     1999352 kB
Committed_AS:   11467144 kB
VmallocTotal:     122880 kB
VmallocUsed:       16092 kB
VmallocChunk:     102868 kB
HardwareCorrupted:     0 kB
AnonHugePages:         0 kB
HugePages_Total:       0
HugePages_Free:        0
HugePages_Rsvd:        0
HugePages_Surp:        0
Hugepagesize:       2048 kB
DirectMap4k:       12280 kB
DirectMap2M:      899072 kB


CPU:total 4 (2 cores per cpu, 2 threads per core) family 6 model 58 stepping 9, cmov, cx8, fxsr, mmx, sse, sse2, sse3, ssse3, sse4.1, sse4.2, popcnt, avx, aes, erms, ht, tsc, tscinvbit, tscinv

/proc/cpuinfo:
processor	: 0
vendor_id	: GenuineIntel
cpu family	: 6
model		: 58
model name	: Intel(R) Core(TM) i5-3230M CPU @ 2.60GHz
stepping	: 9
microcode	: 0x15
cpu MHz		: 2200.000
cache size	: 3072 KB
physical id	: 0
siblings	: 4
core id		: 0
cpu cores	: 2
apicid		: 0
initial apicid	: 0
fdiv_bug	: no
f00f_bug	: no
coma_bug	: no
fpu		: yes
fpu_exception	: yes
cpuid level	: 13
wp		: yes
flags		: fpu vme de pse tsc msr pae mce cx8 apic sep mtrr pge mca cmov pat pse36 clflush dts acpi mmx fxsr sse sse2 ss ht tm pbe nx rdtscp lm constant_tsc arch_perfmon pebs bts xtopology nonstop_tsc aperfmperf eagerfpu pni pclmulqdq dtes64 monitor ds_cpl vmx est tm2 ssse3 cx16 xtpr pdcm pcid sse4_1 sse4_2 x2apic popcnt tsc_deadline_timer aes xsave avx f16c rdrand lahf_lm ida arat epb xsaveopt pln pts dtherm tpr_shadow vnmi flexpriority ept vpid fsgsbase smep erms
bogomips	: 5188.19
clflush size	: 64
cache_alignment	: 64
address sizes	: 36 bits physical, 48 bits virtual
power management:

processor	: 1
vendor_id	: GenuineIntel
cpu family	: 6
model		: 58
model name	: Intel(R) Core(TM) i5-3230M CPU @ 2.60GHz
stepping	: 9
microcode	: 0x15
cpu MHz		: 1200.000
cache size	: 3072 KB
physical id	: 0
siblings	: 4
core id		: 1
cpu cores	: 2
apicid		: 2
initial apicid	: 2
fdiv_bug	: no
f00f_bug	: no
coma_bug	: no
fpu		: yes
fpu_exception	: yes
cpuid level	: 13
wp		: yes
flags		: fpu vme de pse tsc msr pae mce cx8 apic sep mtrr pge mca cmov pat pse36 clflush dts acpi mmx fxsr sse sse2 ss ht tm pbe nx rdtscp lm constant_tsc arch_perfmon pebs bts xtopology nonstop_tsc aperfmperf eagerfpu pni pclmulqdq dtes64 monitor ds_cpl vmx est tm2 ssse3 cx16 xtpr pdcm pcid sse4_1 sse4_2 x2apic popcnt tsc_deadline_timer aes xsave avx f16c rdrand lahf_lm ida arat epb xsaveopt pln pts dtherm tpr_shadow vnmi flexpriority ept vpid fsgsbase smep erms
bogomips	: 5188.19
clflush size	: 64
cache_alignment	: 64
address sizes	: 36 bits physical, 48 bits virtual
power management:

processor	: 2
vendor_id	: GenuineIntel
cpu family	: 6
model		: 58
model name	: Intel(R) Core(TM) i5-3230M CPU @ 2.60GHz
stepping	: 9
microcode	: 0x15
cpu MHz		: 1200.000
cache size	: 3072 KB
physical id	: 0
siblings	: 4
core id		: 0
cpu cores	: 2
apicid		: 1
initial apicid	: 1
fdiv_bug	: no
f00f_bug	: no
coma_bug	: no
fpu		: yes
fpu_exception	: yes
cpuid level	: 13
wp		: yes
flags		: fpu vme de pse tsc msr pae mce cx8 apic sep mtrr pge mca cmov pat pse36 clflush dts acpi mmx fxsr sse sse2 ss ht tm pbe nx rdtscp lm constant_tsc arch_perfmon pebs bts xtopology nonstop_tsc aperfmperf eagerfpu pni pclmulqdq dtes64 monitor ds_cpl vmx est tm2 ssse3 cx16 xtpr pdcm pcid sse4_1 sse4_2 x2apic popcnt tsc_deadline_timer aes xsave avx f16c rdrand lahf_lm ida arat epb xsaveopt pln pts dtherm tpr_shadow vnmi flexpriority ept vpid fsgsbase smep erms
bogomips	: 5188.19
clflush size	: 64
cache_alignment	: 64
address sizes	: 36 bits physical, 48 bits virtual
power management:

processor	: 3
vendor_id	: GenuineIntel
cpu family	: 6
model		: 58
model name	: Intel(R) Core(TM) i5-3230M CPU @ 2.60GHz
stepping	: 9
microcode	: 0x15
cpu MHz		: 1200.000
cache size	: 3072 KB
physical id	: 0
siblings	: 4
core id		: 1
cpu cores	: 2
apicid		: 3
initial apicid	: 3
fdiv_bug	: no
f00f_bug	: no
coma_bug	: no
fpu		: yes
fpu_exception	: yes
cpuid level	: 13
wp		: yes
flags		: fpu vme de pse tsc msr pae mce cx8 apic sep mtrr pge mca cmov pat pse36 clflush dts acpi mmx fxsr sse sse2 ss ht tm pbe nx rdtscp lm constant_tsc arch_perfmon pebs bts xtopology nonstop_tsc aperfmperf eagerfpu pni pclmulqdq dtes64 monitor ds_cpl vmx est tm2 ssse3 cx16 xtpr pdcm pcid sse4_1 sse4_2 x2apic popcnt tsc_deadline_timer aes xsave avx f16c rdrand lahf_lm ida arat epb xsaveopt pln pts dtherm tpr_shadow vnmi flexpriority ept vpid fsgsbase smep erms
bogomips	: 5188.19
clflush size	: 64
cache_alignment	: 64
address sizes	: 36 bits physical, 48 bits virtual
power management:



Memory: 4k page, physical 3998704k(244836k free), swap 0k(0k free)

vm_info: Java HotSpot(TM) Server VM (24.51-b03) for linux-x86 JRE (1.7.0_51-b13), built on Dec 18 2013 18:45:30 by "java_re" with gcc 4.3.0 20080428 (Red Hat 4.3.0-8)

time: Sun May 11 00:52:31 2014
elapsed time: 2 seconds

