#
# There is insufficient memory for the Java Runtime Environment to continue.
# Native memory allocation (malloc) failed to allocate 42729472 bytes for committing reserved memory.
# Possible reasons:
#   The system is out of physical RAM or swap space
#   In 32 bit mode, the process size limit was hit
# Possible solutions:
#   Reduce memory load on the system
#   Increase physical memory or swap space
#   Check if swap backing store is full
#   Use 64 bit Java on a 64 bit OS
#   Decrease Java heap size (-Xmx/-Xms)
#   Decrease number of Java threads
#   Decrease Java thread stack sizes (-Xss)
#   Set larger code cache with -XX:ReservedCodeCacheSize=
# This output file may be truncated or incomplete.
#
#  Out of Memory Error (os_linux.cpp:2726), pid=4095, tid=3061611328
#
# JRE version:  (7.0_51-b13) (build )
# Java VM: Java HotSpot(TM) Server VM (24.51-b03 mixed mode linux-x86 )
# Failed to write core dump. Core dumps have been disabled. To enable core dumping, try "ulimit -c unlimited" before starting Java again
#

---------------  T H R E A D  ---------------

Current thread (0xb6607400):  JavaThread "Unknown thread" [_thread_in_vm, id=4103, stack(0xb6777000,0xb67c8000)]

Stack: [0xb6777000,0xb67c8000],  sp=0xb67c6b00,  free space=318k
Native frames: (J=compiled Java code, j=interpreted, Vv=VM code, C=native code)
V  [libjvm.so+0x7dcac6]  VMError::report_and_die()+0x1a6
V  [libjvm.so+0x33a5b2]  report_vm_out_of_memory(char const*, int, unsigned int, char const*)+0x72
V  [libjvm.so+0x67be21]  os::Linux::commit_memory_impl(char*, unsigned int, bool)+0xe1
V  [libjvm.so+0x67c277]  os::Linux::commit_memory_impl(char*, unsigned int, unsigned int, bool)+0x47
V  [libjvm.so+0x67c45d]  os::pd_commit_memory(char*, unsigned int, unsigned int, bool)+0x1d
V  [libjvm.so+0x675e8c]  os::commit_memory(char*, unsigned int, unsigned int, bool)+0x2c
V  [libjvm.so+0x6df398]  PSVirtualSpace::expand_by(unsigned int)+0x48
V  [libjvm.so+0x6d13ed]  PSOldGen::initialize(ReservedSpace, unsigned int, char const*, int)+0x7d
V  [libjvm.so+0x186856]  AdjoiningGenerations::AdjoiningGenerations(ReservedSpace, unsigned int, unsigned int, unsigned int, unsigned int, unsigned int, unsigned int, unsigned int)+0x2a6
V  [libjvm.so+0x69b1a1]  ParallelScavengeHeap::initialize()+0x401
V  [libjvm.so+0x7b0b04]  Universe::initialize_heap()+0xa4
V  [libjvm.so+0x7b2135]  universe_init()+0x55
V  [libjvm.so+0x449f65]  init_globals()+0x55
V  [libjvm.so+0x79aea0]  Threads::create_vm(JavaVMInitArgs*, bool*)+0x200
V  [libjvm.so+0x4bc12c]  JNI_CreateJavaVM+0x5c
C  [libjli.so+0x2668]  JavaMain+0x98
C  [libpthread.so.0+0x6d4c]  start_thread+0xcc


---------------  P R O C E S S  ---------------

Java Threads: ( => current thread )

Other Threads:

=>0xb6607400 (exited) JavaThread "Unknown thread" [_thread_in_vm, id=4103, stack(0xb6777000,0xb67c8000)]

VM state:not at safepoint (not fully initialized)

VM Mutex/Monitor currently owned by a thread: None

GC Heap History (0 events):
No events

Deoptimization events (0 events):
No events

Internal exceptions (0 events):
No events

Events (0 events):
No events


Dynamic libraries:
08048000-08049000 r-xp 00000000 08:06 2268623    /usr/lib/jvm/java-7-oracle/bin/java
08049000-0804a000 rw-p 00000000 08:06 2268623    /usr/lib/jvm/java-7-oracle/bin/java
09f47000-09f68000 rw-p 00000000 00:00 0          [heap]
720f6000-7225c000 rw-p 00000000 00:00 0 
7225c000-72267000 rw-p 00000000 00:00 0 
72267000-722ff000 rw-p 00000000 00:00 0 
722ff000-72300000 rw-p 00000000 00:00 0 
72300000-76300000 rw-p 00000000 00:00 0 
789a7000-78bc0000 rw-p 00000000 00:00 0 
78bc0000-9ef00000 rw-p 00000000 00:00 0 
9ef00000-a0380000 rw-p 00000000 00:00 0 
a0380000-b3500000 rw-p 00000000 00:00 0 
b351b000-b3524000 rw-p 00000000 00:00 0 
b3524000-b35db000 rw-p 00000000 00:00 0 
b35db000-b381b000 rwxp 00000000 00:00 0 
b381b000-b65db000 rw-p 00000000 00:00 0 
b65db000-b65f2000 r-xp 00000000 08:06 2371776    /usr/lib/jvm/java-7-oracle/jre/lib/i386/libzip.so
b65f2000-b65f3000 rw-p 00017000 08:06 2371776    /usr/lib/jvm/java-7-oracle/jre/lib/i386/libzip.so
b65f3000-b65fe000 r-xp 00000000 08:06 2622491    /lib/i386-linux-gnu/libnss_files-2.15.so
b65fe000-b65ff000 r--p 0000a000 08:06 2622491    /lib/i386-linux-gnu/libnss_files-2.15.so
b65ff000-b6600000 rw-p 0000b000 08:06 2622491    /lib/i386-linux-gnu/libnss_files-2.15.so
b6600000-b6621000 rw-p 00000000 00:00 0 
b6621000-b6700000 ---p 00000000 00:00 0 
b6706000-b6710000 r-xp 00000000 08:06 2622495    /lib/i386-linux-gnu/libnss_nis-2.15.so
b6710000-b6711000 r--p 00009000 08:06 2622495    /lib/i386-linux-gnu/libnss_nis-2.15.so
b6711000-b6712000 rw-p 0000a000 08:06 2622495    /lib/i386-linux-gnu/libnss_nis-2.15.so
b6712000-b6728000 r-xp 00000000 08:06 2622485    /lib/i386-linux-gnu/libnsl-2.15.so
b6728000-b6729000 r--p 00015000 08:06 2622485    /lib/i386-linux-gnu/libnsl-2.15.so
b6729000-b672a000 rw-p 00016000 08:06 2622485    /lib/i386-linux-gnu/libnsl-2.15.so
b672a000-b672c000 rw-p 00000000 00:00 0 
b672c000-b6733000 r-xp 00000000 08:06 2622487    /lib/i386-linux-gnu/libnss_compat-2.15.so
b6733000-b6734000 r--p 00006000 08:06 2622487    /lib/i386-linux-gnu/libnss_compat-2.15.so
b6734000-b6735000 rw-p 00007000 08:06 2622487    /lib/i386-linux-gnu/libnss_compat-2.15.so
b6742000-b674a000 rw-s 00000000 08:06 3156490    /tmp/hsperfdata_trongkhanh/4095
b674a000-b676d000 r-xp 00000000 08:06 2371808    /usr/lib/jvm/java-7-oracle/jre/lib/i386/libjava.so
b676d000-b676e000 rw-p 00022000 08:06 2371808    /usr/lib/jvm/java-7-oracle/jre/lib/i386/libjava.so
b676e000-b6775000 r-xp 00000000 08:06 2622526    /lib/i386-linux-gnu/librt-2.15.so
b6775000-b6776000 r--p 00006000 08:06 2622526    /lib/i386-linux-gnu/librt-2.15.so
b6776000-b6777000 rw-p 00007000 08:06 2622526    /lib/i386-linux-gnu/librt-2.15.so
b6777000-b677a000 ---p 00000000 00:00 0 
b677a000-b67c8000 rw-p 00000000 00:00 0          [stack:4103]
b67c8000-b67f2000 r-xp 00000000 08:06 2622472    /lib/i386-linux-gnu/libm-2.15.so
b67f2000-b67f3000 r--p 00029000 08:06 2622472    /lib/i386-linux-gnu/libm-2.15.so
b67f3000-b67f4000 rw-p 0002a000 08:06 2622472    /lib/i386-linux-gnu/libm-2.15.so
b67f4000-b706b000 r-xp 00000000 08:06 2371814    /usr/lib/jvm/java-7-oracle/jre/lib/i386/server/libjvm.so
b706b000-b70cf000 rw-p 00877000 08:06 2371814    /usr/lib/jvm/java-7-oracle/jre/lib/i386/server/libjvm.so
b70cf000-b74f3000 rw-p 00000000 00:00 0 
b74f3000-b7697000 r-xp 00000000 08:06 2622440    /lib/i386-linux-gnu/libc-2.15.so
b7697000-b7699000 r--p 001a4000 08:06 2622440    /lib/i386-linux-gnu/libc-2.15.so
b7699000-b769a000 rw-p 001a6000 08:06 2622440    /lib/i386-linux-gnu/libc-2.15.so
b769a000-b769d000 rw-p 00000000 00:00 0 
b769d000-b76a0000 r-xp 00000000 08:06 2622453    /lib/i386-linux-gnu/libdl-2.15.so
b76a0000-b76a1000 r--p 00002000 08:06 2622453    /lib/i386-linux-gnu/libdl-2.15.so
b76a1000-b76a2000 rw-p 00003000 08:06 2622453    /lib/i386-linux-gnu/libdl-2.15.so
b76a2000-b76b5000 r-xp 00000000 08:06 2268524    /usr/lib/jvm/java-7-oracle/lib/i386/jli/libjli.so
b76b5000-b76b6000 rw-p 00012000 08:06 2268524    /usr/lib/jvm/java-7-oracle/lib/i386/jli/libjli.so
b76b6000-b76b7000 rw-p 00000000 00:00 0 
b76b7000-b76ce000 r-xp 00000000 08:06 2622520    /lib/i386-linux-gnu/libpthread-2.15.so
b76ce000-b76cf000 r--p 00016000 08:06 2622520    /lib/i386-linux-gnu/libpthread-2.15.so
b76cf000-b76d0000 rw-p 00017000 08:06 2622520    /lib/i386-linux-gnu/libpthread-2.15.so
b76d0000-b76d2000 rw-p 00000000 00:00 0 
b76d6000-b76da000 rw-p 00000000 00:00 0 
b76da000-b76db000 r--p 00000000 00:00 0 
b76db000-b76e6000 r-xp 00000000 08:06 2371784    /usr/lib/jvm/java-7-oracle/jre/lib/i386/libverify.so
b76e6000-b76e7000 rw-p 0000b000 08:06 2371784    /usr/lib/jvm/java-7-oracle/jre/lib/i386/libverify.so
b76e7000-b76e9000 rw-p 00000000 00:00 0 
b76e9000-b76ea000 r-xp 00000000 00:00 0          [vdso]
b76ea000-b770a000 r-xp 00000000 08:06 2622420    /lib/i386-linux-gnu/ld-2.15.so
b770a000-b770b000 r--p 0001f000 08:06 2622420    /lib/i386-linux-gnu/ld-2.15.so
b770b000-b770c000 rw-p 00020000 08:06 2622420    /lib/i386-linux-gnu/ld-2.15.so
bfc24000-bfc45000 rw-p 00000000 00:00 0          [stack]

VM Arguments:
jvm_args: -Dfile.encoding=UTF-8 
java_command: Main
Launcher Type: SUN_STANDARD

Environment Variables:
PATH=/usr/lib/lightdm/lightdm:/usr/local/sbin:/usr/local/bin:/usr/sbin:/usr/bin:/sbin:/bin:/usr/games
LD_LIBRARY_PATH=/usr/lib/jvm/java-7-oracle/jre/lib/i386/server:/usr/lib/jvm/java-7-oracle/jre/lib/i386:/usr/lib/jvm/java-7-oracle/jre/../lib/i386:/usr/lib/jvm/java-7-oracle/jre/lib/i386/client:/usr/lib/jvm/java-7-oracle/jre/lib/i386:
SHELL=/bin/bash
DISPLAY=:0.0

Signal Handlers:
SIGSEGV: [libjvm.so+0x7dd5e0], sa_mask[0]=0x7ffbfeff, sa_flags=0x10000004
SIGBUS: [libjvm.so+0x7dd5e0], sa_mask[0]=0x7ffbfeff, sa_flags=0x10000004
SIGFPE: [libjvm.so+0x678d60], sa_mask[0]=0x7ffbfeff, sa_flags=0x10000004
SIGPIPE: [libjvm.so+0x678d60], sa_mask[0]=0x7ffbfeff, sa_flags=0x10000004
SIGXFSZ: [libjvm.so+0x678d60], sa_mask[0]=0x7ffbfeff, sa_flags=0x10000004
SIGILL: [libjvm.so+0x678d60], sa_mask[0]=0x7ffbfeff, sa_flags=0x10000004
SIGUSR1: SIG_DFL, sa_mask[0]=0x00000000, sa_flags=0x00000000
SIGUSR2: [libjvm.so+0x67a250], sa_mask[0]=0x00000004, sa_flags=0x10000004
SIGHUP: SIG_DFL, sa_mask[0]=0x00000000, sa_flags=0x00000000
SIGINT: SIG_DFL, sa_mask[0]=0x00000000, sa_flags=0x00000000
SIGTERM: SIG_DFL, sa_mask[0]=0x00000000, sa_flags=0x00000000
SIGQUIT: SIG_DFL, sa_mask[0]=0x00000000, sa_flags=0x00000000


---------------  S Y S T E M  ---------------

OS:wheezy/sid

uname:Linux 3.11.0-15-generic #25~precise1-Ubuntu SMP Thu Jan 30 17:42:40 UTC 2014 i686
libc:glibc 2.15 NPTL 2.15 
rlimit: STACK 8192k, CORE 0k, NPROC 31102, NOFILE 4096, AS infinity
load average:4.27 3.49 2.02

/proc/meminfo:
MemTotal:        3998704 kB
MemFree:          238640 kB
Buffers:            1452 kB
Cached:          1065636 kB
SwapCached:            0 kB
Active:          2606748 kB
Inactive:        1050832 kB
Active(anon):    2593452 kB
Inactive(anon):  1014928 kB
Active(file):      13296 kB
Inactive(file):    35904 kB
Unevictable:           0 kB
Mlocked:               0 kB
HighTotal:       3146652 kB
HighFree:          69040 kB
LowTotal:         852052 kB
LowFree:          169600 kB
SwapTotal:             0 kB
SwapFree:              0 kB
Dirty:                 0 kB
Writeback:             0 kB
AnonPages:       2591008 kB
Mapped:           838868 kB
Shmem:           1017444 kB
Slab:              39716 kB
SReclaimable:      16416 kB
SUnreclaim:        23300 kB
KernelStack:        9168 kB
PageTables:        18112 kB
NFS_Unstable:          0 kB
Bounce:                0 kB
WritebackTmp:          0 kB
CommitLimit:     1999352 kB
Committed_AS:    8678888 kB
VmallocTotal:     122880 kB
VmallocUsed:       16168 kB
VmallocChunk:     102356 kB
HardwareCorrupted:     0 kB
AnonHugePages:         0 kB
HugePages_Total:       0
HugePages_Free:        0
HugePages_Rsvd:        0
HugePages_Surp:        0
Hugepagesize:       2048 kB
DirectMap4k:       12280 kB
DirectMap2M:      899072 kB


CPU:total 4 (2 cores per cpu, 2 threads per core) family 6 model 58 stepping 9, cmov, cx8, fxsr, mmx, sse, sse2, sse3, ssse3, sse4.1, sse4.2, popcnt, avx, aes, erms, ht, tsc, tscinvbit, tscinv

/proc/cpuinfo:
processor	: 0
vendor_id	: GenuineIntel
cpu family	: 6
model		: 58
model name	: Intel(R) Core(TM) i5-3230M CPU @ 2.60GHz
stepping	: 9
microcode	: 0x15
cpu MHz		: 1800.000
cache size	: 3072 KB
physical id	: 0
siblings	: 4
core id		: 0
cpu cores	: 2
apicid		: 0
initial apicid	: 0
fdiv_bug	: no
f00f_bug	: no
coma_bug	: no
fpu		: yes
fpu_exception	: yes
cpuid level	: 13
wp		: yes
flags		: fpu vme de pse tsc msr pae mce cx8 apic sep mtrr pge mca cmov pat pse36 clflush dts acpi mmx fxsr sse sse2 ss ht tm pbe nx rdtscp lm constant_tsc arch_perfmon pebs bts xtopology nonstop_tsc aperfmperf eagerfpu pni pclmulqdq dtes64 monitor ds_cpl vmx est tm2 ssse3 cx16 xtpr pdcm pcid sse4_1 sse4_2 x2apic popcnt tsc_deadline_timer aes xsave avx f16c rdrand lahf_lm ida arat epb xsaveopt pln pts dtherm tpr_shadow vnmi flexpriority ept vpid fsgsbase smep erms
bogomips	: 5187.75
clflush size	: 64
cache_alignment	: 64
address sizes	: 36 bits physical, 48 bits virtual
power management:

processor	: 1
vendor_id	: GenuineIntel
cpu family	: 6
model		: 58
model name	: Intel(R) Core(TM) i5-3230M CPU @ 2.60GHz
stepping	: 9
microcode	: 0x15
cpu MHz		: 1200.000
cache size	: 3072 KB
physical id	: 0
siblings	: 4
core id		: 1
cpu cores	: 2
apicid		: 2
initial apicid	: 2
fdiv_bug	: no
f00f_bug	: no
coma_bug	: no
fpu		: yes
fpu_exception	: yes
cpuid level	: 13
wp		: yes
flags		: fpu vme de pse tsc msr pae mce cx8 apic sep mtrr pge mca cmov pat pse36 clflush dts acpi mmx fxsr sse sse2 ss ht tm pbe nx rdtscp lm constant_tsc arch_perfmon pebs bts xtopology nonstop_tsc aperfmperf eagerfpu pni pclmulqdq dtes64 monitor ds_cpl vmx est tm2 ssse3 cx16 xtpr pdcm pcid sse4_1 sse4_2 x2apic popcnt tsc_deadline_timer aes xsave avx f16c rdrand lahf_lm ida arat epb xsaveopt pln pts dtherm tpr_shadow vnmi flexpriority ept vpid fsgsbase smep erms
bogomips	: 5187.75
clflush size	: 64
cache_alignment	: 64
address sizes	: 36 bits physical, 48 bits virtual
power management:

processor	: 2
vendor_id	: GenuineIntel
cpu family	: 6
model		: 58
model name	: Intel(R) Core(TM) i5-3230M CPU @ 2.60GHz
stepping	: 9
microcode	: 0x15
cpu MHz		: 1500.000
cache size	: 3072 KB
physical id	: 0
siblings	: 4
core id		: 0
cpu cores	: 2
apicid		: 1
initial apicid	: 1
fdiv_bug	: no
f00f_bug	: no
coma_bug	: no
fpu		: yes
fpu_exception	: yes
cpuid level	: 13
wp		: yes
flags		: fpu vme de pse tsc msr pae mce cx8 apic sep mtrr pge mca cmov pat pse36 clflush dts acpi mmx fxsr sse sse2 ss ht tm pbe nx rdtscp lm constant_tsc arch_perfmon pebs bts xtopology nonstop_tsc aperfmperf eagerfpu pni pclmulqdq dtes64 monitor ds_cpl vmx est tm2 ssse3 cx16 xtpr pdcm pcid sse4_1 sse4_2 x2apic popcnt tsc_deadline_timer aes xsave avx f16c rdrand lahf_lm ida arat epb xsaveopt pln pts dtherm tpr_shadow vnmi flexpriority ept vpid fsgsbase smep erms
bogomips	: 5187.75
clflush size	: 64
cache_alignment	: 64
address sizes	: 36 bits physical, 48 bits virtual
power management:

processor	: 3
vendor_id	: GenuineIntel
cpu family	: 6
model		: 58
model name	: Intel(R) Core(TM) i5-3230M CPU @ 2.60GHz
stepping	: 9
microcode	: 0x15
cpu MHz		: 1200.000
cache size	: 3072 KB
physical id	: 0
siblings	: 4
core id		: 1
cpu cores	: 2
apicid		: 3
initial apicid	: 3
fdiv_bug	: no
f00f_bug	: no
coma_bug	: no
fpu		: yes
fpu_exception	: yes
cpuid level	: 13
wp		: yes
flags		: fpu vme de pse tsc msr pae mce cx8 apic sep mtrr pge mca cmov pat pse36 clflush dts acpi mmx fxsr sse sse2 ss ht tm pbe nx rdtscp lm constant_tsc arch_perfmon pebs bts xtopology nonstop_tsc aperfmperf eagerfpu pni pclmulqdq dtes64 monitor ds_cpl vmx est tm2 ssse3 cx16 xtpr pdcm pcid sse4_1 sse4_2 x2apic popcnt tsc_deadline_timer aes xsave avx f16c rdrand lahf_lm ida arat epb xsaveopt pln pts dtherm tpr_shadow vnmi flexpriority ept vpid fsgsbase smep erms
bogomips	: 5187.75
clflush size	: 64
cache_alignment	: 64
address sizes	: 36 bits physical, 48 bits virtual
power management:



Memory: 4k page, physical 3998704k(238640k free), swap 0k(0k free)

vm_info: Java HotSpot(TM) Server VM (24.51-b03) for linux-x86 JRE (1.7.0_51-b13), built on Dec 18 2013 18:45:30 by "java_re" with gcc 4.3.0 20080428 (Red Hat 4.3.0-8)

time: Sun May 11 04:03:50 2014
elapsed time: 2 seconds

